<?xml version="1.0" encoding="UTF-8"?>
<persistence version="2.1" xmlns="http://xmlns.jcp.org/xml/ns/persistence" xmlns:xsi="http://www.w3.org/2001/XMLSchema-instance" xsi:schemaLocation="http://xmlns.jcp.org/xml/ns/persistence http://xmlns.jcp.org/xml/ns/persistence/persistence_2_1.xsd">
  <persistence-unit name="com.brouwer_primefacessample_war_1.0-SNAPSHOTPU" transaction-type="JTA">
    <jta-data-source>jdbc/sample</jta-data-source>
    <class>com.brouwer.primefacessample.model.Customer</class>
    <class>com.brouwer.primefacessample.model.DiscountCode</class>
    <class>com.brouwer.primefacessample.model.MicroMarket</class>
    <exclude-unlisted-classes>true</exclude-unlisted-classes>
    <properties>
      <property name="eclipselink.ddl-generation" value="drop-and-create-tables"/>
      <property name="eclipselink.logging.level.sql" value="FINE"/>
      <property name="eclipselink.logging.parameters" value="true"/>
    </properties>
  </persistence-unit>
</persistence>
